<?xml version="1.0" encoding="UTF-8" standalone="yes"?>
<testsuites name="Cliente" time="28" tests="1" failures="0" errors="0">
    <testsuite name="Cliente" tests="1" failures="0" errors="0" time="28" timestamp="2019-10-25 17:09:58" hostname="lsepulvedap - p-lsepulvedap.intergrupo.com" id="Test Suites/Clientes/Cliente">
        <properties>
            <property name="deviceName" value=""/>
            <property name="devicePlatform" value=""/>
            <property name="logFolder" value="E:\\CAF\\Automatizacion\\CAF1\\Reports\\20191025_170804\\Clientes\\Cliente\\20191025_170804"/>
            <property name="logFiles" value="E:\\CAF\\Automatizacion\\CAF1\\Reports\\20191025_170804\\Clientes\\Cliente\\20191025_170804\\execution0.log"/>
            <property name="attachments" value=""/>
            <property name="hostName" value="lsepulvedap - p-lsepulvedap.intergrupo.com"/>
            <property name="os" value="Windows 10 64bit"/>
            <property name="katalonVersion" value="6.3.3.11"/>
            <property name="browser" value="Chrome 77.0.3865.120"/>
            <property name="hostAddress" value="10.0.210.14"/>
            <property name="sessionId" value="ad86da6b246ba19824164efcbab6db97"/>
            <property name="seleniumVersion" value="3.141.59"/>
            <property name="proxyInformation" value="ProxyInformation{proxyOption=NO_PROXY, proxyServerType=HTTP, password=, proxyServerAddress=, proxyServerPort=0}"/>
            <property name="platform" value="Windows 10"/>
        </properties>
        <testcase name="Test Cases/Clientes/ConsultaCliente" classname="Test Cases/Clientes/ConsultaCliente" status="PASSED">
            <system-out>2019-10-25 17:09:58 - [TEST_CASE][PASSED] - Test Cases/Clientes/ConsultaCliente: Test Cases/Clientes/ConsultaCliente&#xD;
&#xD;
2019-10-25 17:09:58 - [TEST_STEP][PASSED] - runFeatureFile("Include/features/Clientes/ConsultarCliente.feature"): Feature file: 'Include/features/Clientes/ConsultarCliente.feature' was passed&#xD;
&#xD;
2019-10-25 17:09:59 - [MESSAGE][INFO] - Starting run keyword runFeatureFile: 'Include/features/Clientes/ConsultarCliente.feature' and extract report to folder: 'E:\CAF\Automatizacion\CAF1\Reports\20191025_170804\Clientes\Cliente\20191025_170804/cucumber_report/1572041399063'...&#xD;
&#xD;
2019-10-25 17:09:59 - [TEST_CASE][PASSED] - Start Test Case : SCENARIO Consultar cliente existente: SCENARIO Consultar cliente existente&#xD;
&#xD;
2019-10-25 17:09:59 - [TEST_STEP][PASSED] - El usuario ingresa a la página principal: El usuario ingresa a la página principal&#xD;
&#xD;
2019-10-25 17:10:00 - [MESSAGE][INFO] - Starting 'Chrome' driver&#xD;
&#xD;
2019-10-25 17:10:00 - [MESSAGE][INFO] - Action delay is set to 0 seconds&#xD;
&#xD;
2019-10-25 17:10:04 - [MESSAGE][PASSED] - Browser is opened with url: ''&#xD;
&#xD;
2019-10-25 17:10:14 - [MESSAGE][PASSED] - Navigate to 'http://smdessc01:4800/CAF.Tesoreria.Web/' successfully&#xD;
&#xD;
2019-10-25 17:10:14 - [MESSAGE][PASSED] - El usuario ingresa a la página principal&#xD;
&#xD;
2019-10-25 17:10:14 - [TEST_STEP][PASSED] - se ubica en la opción clientes: se ubica en la opción clientes&#xD;
&#xD;
2019-10-25 17:10:16 - [MESSAGE][PASSED] - Object: 'Object Repository/Clientes/a_Clientes' is clicked on&#xD;
&#xD;
2019-10-25 17:10:16 - [MESSAGE][PASSED] - se ubica en la opción clientes&#xD;
&#xD;
2019-10-25 17:10:16 - [TEST_STEP][PASSED] - digita el nombre del cliente BBVA en el campo búsqueda: digita el nombre del cliente BBVA en el campo búsqueda&#xD;
&#xD;
2019-10-25 17:10:16 - [MESSAGE][PASSED] - Text 'BBVA' is set on object 'Object Repository/Clientes/ConsultaCliente/input_Crear Cliente_txtBuscar'&#xD;
&#xD;
2019-10-25 17:10:16 - [MESSAGE][PASSED] - digita el nombre del cliente BBVA en el campo búsqueda&#xD;
&#xD;
2019-10-25 17:10:16 - [TEST_STEP][PASSED] - presiona la tecla enter: presiona la tecla enter&#xD;
&#xD;
2019-10-25 17:10:16 - [MESSAGE][PASSED] - Keys 'ENTER + ' sent to object: 'Object Repository/Clientes/ConsultaCliente/input_Crear Cliente_txtBuscar'&#xD;
&#xD;
2019-10-25 17:10:16 - [MESSAGE][PASSED] - presiona la tecla enter&#xD;
&#xD;
2019-10-25 17:10:16 - [TEST_STEP][PASSED] - se visualiza el nombre del cliente BBVA en el resultado de la búsqueda: se visualiza el nombre del cliente BBVA en el resultado de la búsqueda&#xD;
&#xD;
2019-10-25 17:10:17 - [MESSAGE][PASSED] - Object 'Object Repository/Clientes/ConsultaCliente/ConsultaCliente_Existente/td_BBVCOL' is present&#xD;
&#xD;
2019-10-25 17:10:17 - [MESSAGE][PASSED] - Browser is closed&#xD;
&#xD;
2019-10-25 17:10:17 - [MESSAGE][PASSED] - se visualiza el nombre del cliente BBVA en el resultado de la búsqueda&#xD;
&#xD;
2019-10-25 17:10:17 - [TEST_CASE][PASSED] - Start Test Case : SCENARIO Consultar cliente no existente: SCENARIO Consultar cliente no existente&#xD;
&#xD;
2019-10-25 17:10:17 - [TEST_STEP][PASSED] - El usuario ingresa a la página principal: El usuario ingresa a la página principal&#xD;
&#xD;
2019-10-25 17:10:17 - [MESSAGE][INFO] - Starting 'Chrome' driver&#xD;
&#xD;
2019-10-25 17:10:20 - [MESSAGE][PASSED] - Browser is opened with url: ''&#xD;
&#xD;
2019-10-25 17:10:23 - [MESSAGE][PASSED] - Navigate to 'http://smdessc01:4800/CAF.Tesoreria.Web/' successfully&#xD;
&#xD;
2019-10-25 17:10:23 - [MESSAGE][PASSED] - El usuario ingresa a la página principal&#xD;
&#xD;
2019-10-25 17:10:23 - [TEST_STEP][PASSED] - se ubica en la opción clientes: se ubica en la opción clientes&#xD;
&#xD;
2019-10-25 17:10:24 - [MESSAGE][PASSED] - Object: 'Object Repository/Clientes/a_Clientes' is clicked on&#xD;
&#xD;
2019-10-25 17:10:24 - [MESSAGE][PASSED] - se ubica en la opción clientes&#xD;
&#xD;
2019-10-25 17:10:24 - [TEST_STEP][PASSED] - digita el nombre del cliente Juan en el campo búsqueda: digita el nombre del cliente Juan en el campo búsqueda&#xD;
&#xD;
2019-10-25 17:10:25 - [MESSAGE][PASSED] - Text 'Juan' is set on object 'Object Repository/Clientes/ConsultaCliente/input_Crear Cliente_txtBuscar'&#xD;
&#xD;
2019-10-25 17:10:25 - [MESSAGE][PASSED] - digita el nombre del cliente Juan en el campo búsqueda&#xD;
&#xD;
2019-10-25 17:10:25 - [TEST_STEP][PASSED] - presiona la tecla enter: presiona la tecla enter&#xD;
&#xD;
2019-10-25 17:10:25 - [MESSAGE][PASSED] - Keys 'ENTER + ' sent to object: 'Object Repository/Clientes/ConsultaCliente/input_Crear Cliente_txtBuscar'&#xD;
&#xD;
2019-10-25 17:10:25 - [MESSAGE][PASSED] - presiona la tecla enter&#xD;
&#xD;
2019-10-25 17:10:25 - [TEST_STEP][PASSED] - se visualiza el mensaje No hay datos.: se visualiza el mensaje No hay datos.&#xD;
&#xD;
2019-10-25 17:10:25 - [MESSAGE][PASSED] - Object 'Object Repository/Clientes/ConsultaCliente/ConsultaCliente_NoExitoso/span_No hay datos' is present&#xD;
&#xD;
2019-10-25 17:10:26 - [MESSAGE][PASSED] - Browser is closed&#xD;
&#xD;
2019-10-25 17:10:26 - [MESSAGE][PASSED] - se visualiza el mensaje No hay datos.&#xD;
&#xD;
2019-10-25 17:10:26 - [MESSAGE][PASSED] - Feature file: 'Include/features/Clientes/ConsultarCliente.feature' was passed</system-out>
            <system-err></system-err>
        </testcase>
        <system-out>2019-10-25 17:09:58 - [TEST_SUITE][INCOMPLETE] - Cliente: null</system-out>
        <system-err>2019-10-25 17:09:58 - [TEST_SUITE][INCOMPLETE] - Cliente: null</system-err>
    </testsuite>
</testsuites>
