<?xml version="1.0" encoding="UTF-8" standalone="yes"?>
<testsuites name="Cliente" time="152" tests="3" failures="0" errors="0">
    <testsuite name="Cliente" tests="3" failures="0" errors="0" time="152" timestamp="2019-10-31 18:04:07" hostname="lsepulvedap - p-lsepulvedap.intergrupo.com" id="Test Suites/Clientes/Cliente">
        <properties>
            <property name="deviceName" value=""/>
            <property name="devicePlatform" value=""/>
            <property name="logFolder" value="E:\\CAF\\Automatizacion\\CAF1\\Reports\\20191031_180403\\Clientes\\Cliente\\20191031_180403"/>
            <property name="logFiles" value="E:\\CAF\\Automatizacion\\CAF1\\Reports\\20191031_180403\\Clientes\\Cliente\\20191031_180403\\execution0.log"/>
            <property name="attachments" value=""/>
            <property name="hostName" value="lsepulvedap - p-lsepulvedap.intergrupo.com"/>
            <property name="os" value="Windows 10 64bit"/>
            <property name="katalonVersion" value="6.3.3.11"/>
            <property name="browser" value="Chrome 77.0.3865.120"/>
            <property name="hostAddress" value="10.60.6.164"/>
            <property name="sessionId" value="bebf8d5c77df79389fd7a323aa28590b"/>
            <property name="seleniumVersion" value="3.141.59"/>
            <property name="proxyInformation" value="ProxyInformation{proxyOption=NO_PROXY, proxyServerType=HTTP, password=, proxyServerAddress=, proxyServerPort=0}"/>
            <property name="platform" value="Windows 10"/>
        </properties>
        <testcase name="Test Cases/Clientes/ConsultaCliente" classname="Test Cases/Clientes/ConsultaCliente" status="PASSED">
            <system-out>2019-10-31 18:04:08 - [TEST_CASE][PASSED] - Test Cases/Clientes/ConsultaCliente: Test Cases/Clientes/ConsultaCliente&#xD;
&#xD;
2019-10-31 18:04:08 - [TEST_STEP][PASSED] - runFeatureFile("Include/features/Clientes/ConsultarCliente.feature"): Feature file: 'Include/features/Clientes/ConsultarCliente.feature' was passed&#xD;
&#xD;
2019-10-31 18:04:08 - [MESSAGE][INFO] - Starting run keyword runFeatureFile: 'Include/features/Clientes/ConsultarCliente.feature' and extract report to folder: 'E:\CAF\Automatizacion\CAF1\Reports\20191031_180403\Clientes\Cliente\20191031_180403/cucumber_report/1572563048674'...&#xD;
&#xD;
2019-10-31 18:04:09 - [TEST_CASE][PASSED] - Start Test Case : SCENARIO Consultar cliente existente: SCENARIO Consultar cliente existente&#xD;
&#xD;
2019-10-31 18:04:09 - [TEST_STEP][PASSED] - El usuario ingresa a la página principal: El usuario ingresa a la página principal&#xD;
&#xD;
2019-10-31 18:04:09 - [MESSAGE][INFO] - Starting 'Chrome' driver&#xD;
&#xD;
2019-10-31 18:04:09 - [MESSAGE][INFO] - Action delay is set to 0 seconds&#xD;
&#xD;
2019-10-31 18:04:13 - [MESSAGE][PASSED] - Browser is opened with url: ''&#xD;
&#xD;
2019-10-31 18:04:14 - [MESSAGE][PASSED] - Navigate to 'http://smdessc01:4800/CAF.Tesoreria.Web/' successfully&#xD;
&#xD;
2019-10-31 18:04:14 - [MESSAGE][PASSED] - El usuario ingresa a la página principal&#xD;
&#xD;
2019-10-31 18:04:14 - [TEST_STEP][PASSED] - se ubica en la opción clientes: se ubica en la opción clientes&#xD;
&#xD;
2019-10-31 18:04:16 - [MESSAGE][PASSED] - Object: 'Object Repository/Clientes/a_Clientes' is clicked on&#xD;
&#xD;
2019-10-31 18:04:16 - [MESSAGE][PASSED] - se ubica en la opción clientes&#xD;
&#xD;
2019-10-31 18:04:16 - [TEST_STEP][PASSED] - digita el nombre del cliente a consultar Colombia en el campo búsqueda: digita el nombre del cliente a consultar Colombia en el campo búsqueda&#xD;
&#xD;
2019-10-31 18:04:16 - [MESSAGE][PASSED] - Object: 'Object Repository/Clientes/ConsultaCliente/input_Crear Cliente_txtBuscar' is clicked on&#xD;
&#xD;
2019-10-31 18:04:16 - [MESSAGE][PASSED] - Text 'Colombia' is set on object 'Object Repository/Clientes/ConsultaCliente/input_Crear Cliente_txtBuscar'&#xD;
&#xD;
2019-10-31 18:04:16 - [MESSAGE][PASSED] - digita el nombre del cliente a consultar Colombia en el campo búsqueda&#xD;
&#xD;
2019-10-31 18:04:16 - [TEST_STEP][PASSED] - presiona la tecla enter: presiona la tecla enter&#xD;
&#xD;
2019-10-31 18:04:16 - [MESSAGE][PASSED] - Keys 'ENTER + ' sent to object: 'Object Repository/Clientes/ConsultaCliente/input_Crear Cliente_txtBuscar'&#xD;
&#xD;
2019-10-31 18:04:16 - [MESSAGE][PASSED] - presiona la tecla enter&#xD;
&#xD;
2019-10-31 18:04:16 - [TEST_STEP][PASSED] - se visualiza el nombre del cliente Colombia en el resultado de la búsqueda: se visualiza el nombre del cliente Colombia en el resultado de la búsqueda&#xD;
&#xD;
2019-10-31 18:04:16 - [MESSAGE][PASSED] - Object 'Object Repository/Clientes/ConsultaCliente/ConsultaCliente_Existente/td_BBVCOL' is present&#xD;
&#xD;
2019-10-31 18:04:17 - [MESSAGE][PASSED] - Browser is closed&#xD;
&#xD;
2019-10-31 18:04:17 - [MESSAGE][PASSED] - se visualiza el nombre del cliente Colombia en el resultado de la búsqueda&#xD;
&#xD;
2019-10-31 18:04:17 - [TEST_CASE][PASSED] - Start Test Case : SCENARIO Consultar cliente no existente: SCENARIO Consultar cliente no existente&#xD;
&#xD;
2019-10-31 18:04:17 - [TEST_STEP][PASSED] - El usuario ingresa a la página principal: El usuario ingresa a la página principal&#xD;
&#xD;
2019-10-31 18:04:17 - [MESSAGE][INFO] - Starting 'Chrome' driver&#xD;
&#xD;
2019-10-31 18:04:20 - [MESSAGE][PASSED] - Browser is opened with url: ''&#xD;
&#xD;
2019-10-31 18:04:21 - [MESSAGE][PASSED] - Navigate to 'http://smdessc01:4800/CAF.Tesoreria.Web/' successfully&#xD;
&#xD;
2019-10-31 18:04:21 - [MESSAGE][PASSED] - El usuario ingresa a la página principal&#xD;
&#xD;
2019-10-31 18:04:21 - [TEST_STEP][PASSED] - se ubica en la opción clientes: se ubica en la opción clientes&#xD;
&#xD;
2019-10-31 18:04:21 - [MESSAGE][PASSED] - Object: 'Object Repository/Clientes/a_Clientes' is clicked on&#xD;
&#xD;
2019-10-31 18:04:21 - [MESSAGE][PASSED] - se ubica en la opción clientes&#xD;
&#xD;
2019-10-31 18:04:21 - [TEST_STEP][PASSED] - digita el nombre del cliente a consultar Juan en el campo búsqueda: digita el nombre del cliente a consultar Juan en el campo búsqueda&#xD;
&#xD;
2019-10-31 18:04:22 - [MESSAGE][PASSED] - Object: 'Object Repository/Clientes/ConsultaCliente/input_Crear Cliente_txtBuscar' is clicked on&#xD;
&#xD;
2019-10-31 18:04:22 - [MESSAGE][PASSED] - Text 'Juan' is set on object 'Object Repository/Clientes/ConsultaCliente/input_Crear Cliente_txtBuscar'&#xD;
&#xD;
2019-10-31 18:04:22 - [MESSAGE][PASSED] - digita el nombre del cliente a consultar Juan en el campo búsqueda&#xD;
&#xD;
2019-10-31 18:04:22 - [TEST_STEP][PASSED] - presiona la tecla enter: presiona la tecla enter&#xD;
&#xD;
2019-10-31 18:04:22 - [MESSAGE][PASSED] - Keys 'ENTER + ' sent to object: 'Object Repository/Clientes/ConsultaCliente/input_Crear Cliente_txtBuscar'&#xD;
&#xD;
2019-10-31 18:04:22 - [MESSAGE][PASSED] - presiona la tecla enter&#xD;
&#xD;
2019-10-31 18:04:22 - [TEST_STEP][PASSED] - se visualiza el mensaje No hay datos.: se visualiza el mensaje No hay datos.&#xD;
&#xD;
2019-10-31 18:04:22 - [MESSAGE][PASSED] - Object 'Object Repository/Clientes/ConsultaCliente/ConsultaCliente_NoExitoso/span_No hay datos' is present&#xD;
&#xD;
2019-10-31 18:04:23 - [MESSAGE][PASSED] - Browser is closed&#xD;
&#xD;
2019-10-31 18:04:23 - [MESSAGE][PASSED] - se visualiza el mensaje No hay datos.&#xD;
&#xD;
2019-10-31 18:04:23 - [MESSAGE][PASSED] - Feature file: 'Include/features/Clientes/ConsultarCliente.feature' was passed</system-out>
            <system-err></system-err>
        </testcase>
        <testcase name="Test Cases/Clientes/CrearCliente" classname="Test Cases/Clientes/CrearCliente" status="PASSED">
            <system-out>2019-10-31 18:04:23 - [TEST_CASE][PASSED] - Test Cases/Clientes/CrearCliente: Test Cases/Clientes/CrearCliente&#xD;
&#xD;
2019-10-31 18:04:23 - [TEST_STEP][PASSED] - runFeatureFile("Include/features/Clientes/CrearCliente.feature"): Feature file: 'Include/features/Clientes/CrearCliente.feature' was passed&#xD;
&#xD;
2019-10-31 18:04:23 - [MESSAGE][INFO] - Starting run keyword runFeatureFile: 'Include/features/Clientes/CrearCliente.feature' and extract report to folder: 'E:\CAF\Automatizacion\CAF1\Reports\20191031_180403\Clientes\Cliente\20191031_180403/cucumber_report/1572563063435'...&#xD;
&#xD;
2019-10-31 18:04:23 - [TEST_CASE][PASSED] - Start Test Case : SCENARIO Ir a crear cliente: SCENARIO Ir a crear cliente&#xD;
&#xD;
2019-10-31 18:04:23 - [TEST_STEP][PASSED] - El usuario ingresa a la página principal: El usuario ingresa a la página principal&#xD;
&#xD;
2019-10-31 18:04:23 - [MESSAGE][INFO] - Starting 'Chrome' driver&#xD;
&#xD;
2019-10-31 18:04:26 - [MESSAGE][PASSED] - Browser is opened with url: ''&#xD;
&#xD;
2019-10-31 18:04:27 - [MESSAGE][PASSED] - Navigate to 'http://smdessc01:4800/CAF.Tesoreria.Web/' successfully&#xD;
&#xD;
2019-10-31 18:04:27 - [MESSAGE][PASSED] - El usuario ingresa a la página principal&#xD;
&#xD;
2019-10-31 18:04:27 - [TEST_STEP][PASSED] - se ubica en la opción clientes: se ubica en la opción clientes&#xD;
&#xD;
2019-10-31 18:04:27 - [MESSAGE][PASSED] - Object: 'Object Repository/Clientes/a_Clientes' is clicked on&#xD;
&#xD;
2019-10-31 18:04:27 - [MESSAGE][PASSED] - se ubica en la opción clientes&#xD;
&#xD;
2019-10-31 18:04:27 - [TEST_STEP][PASSED] - da clic en el link Crear cliente: da clic en el link Crear cliente&#xD;
&#xD;
2019-10-31 18:04:28 - [MESSAGE][PASSED] - Object: 'Object Repository/Page_Bandeja de Clientes - Contactos de Tesorera/a_Crear Cliente' is clicked on&#xD;
&#xD;
2019-10-31 18:04:28 - [MESSAGE][PASSED] - da clic en el link Crear cliente&#xD;
&#xD;
2019-10-31 18:04:28 - [TEST_STEP][PASSED] - el sistema muestra el formulario Crear Cliente: el sistema muestra el formulario Crear Cliente&#xD;
&#xD;
2019-10-31 18:04:28 - [MESSAGE][WARNING] - Timeout '0' is invalid. Using default page load timeout: '30'&#xD;
&#xD;
2019-10-31 18:04:28 - [MESSAGE][PASSED] - Object 'Object Repository/CrearCliente/Page_Crear Cliente - Contactos de Tesorera/h1_Crear Cliente' is present&#xD;
&#xD;
2019-10-31 18:04:28 - [MESSAGE][PASSED] - el sistema muestra el formulario Crear Cliente&#xD;
&#xD;
2019-10-31 18:04:28 - [TEST_CASE][PASSED] - Start Test Case : SCENARIO Crear cliente: SCENARIO Crear cliente&#xD;
&#xD;
2019-10-31 18:04:28 - [TEST_STEP][PASSED] - El usuario ingresa a la opción Crear Cliente: El usuario ingresa a la opción Crear Cliente&#xD;
&#xD;
2019-10-31 18:04:29 - [MESSAGE][WARNING] - Timeout '0' is invalid. Using default page load timeout: '30'&#xD;
&#xD;
2019-10-31 18:04:29 - [MESSAGE][PASSED] - Object 'Object Repository/CrearCliente/Page_Crear Cliente - Contactos de Tesorera/h1_Crear Cliente' is present&#xD;
&#xD;
2019-10-31 18:04:29 - [MESSAGE][PASSED] - El usuario ingresa a la opción Crear Cliente&#xD;
&#xD;
2019-10-31 18:04:29 - [TEST_STEP][PASSED] - digita el nombre del cliente a crear Liliana: digita el nombre del cliente a crear Liliana&#xD;
&#xD;
2019-10-31 18:04:29 - [MESSAGE][PASSED] - Object: 'Object Repository/CrearCliente/Page_Crear Cliente - Contactos de Tesorera/Page_Crear Cliente - Contactos de Tesorera/input_Nombre Cliente_Nombre' is clicked on&#xD;
&#xD;
2019-10-31 18:04:29 - [MESSAGE][PASSED] - Text ' Liliana' is set on object 'Object Repository/CrearCliente/Page_Crear Cliente - Contactos de Tesorera/Page_Crear Cliente - Contactos de Tesorera/input_Nombre Cliente_Nombre'&#xD;
&#xD;
2019-10-31 18:04:29 - [MESSAGE][PASSED] - digita el nombre del cliente a crear Liliana&#xD;
&#xD;
2019-10-31 18:04:29 - [TEST_STEP][PASSED] - digita el BBG Broker ID 5: digita el BBG Broker ID 5&#xD;
&#xD;
2019-10-31 18:04:29 - [MESSAGE][PASSED] - Text ' 5' is set on object 'Object Repository/CrearCliente/input_BBG Broker ID_Sigla'&#xD;
&#xD;
2019-10-31 18:04:29 - [MESSAGE][PASSED] - digita el BBG Broker ID 5&#xD;
&#xD;
2019-10-31 18:04:29 - [TEST_STEP][PASSED] - selecciona la modalidad de cliente disponible: selecciona la modalidad de cliente disponible&#xD;
&#xD;
2019-10-31 18:04:29 - [MESSAGE][PASSED] - Object: 'Object Repository/CrearCliente/Create/Page_Crear Cliente - Contactos de Tesorera/a_Modalidades Cliente Disponibles_k-button k-button-icon' is clicked on&#xD;
&#xD;
2019-10-31 18:04:29 - [MESSAGE][PASSED] - selecciona la modalidad de cliente disponible&#xD;
&#xD;
2019-10-31 18:04:29 - [TEST_STEP][PASSED] - selecciona el producto disponible: selecciona el producto disponible&#xD;
&#xD;
2019-10-31 18:04:29 - [MESSAGE][PASSED] - Object: 'Object Repository/CrearCliente/Create/Page_Crear Cliente - Contactos de Tesorera/span_Productos Disponibles_k-icon k-i-arrow-double-60-right' is clicked on&#xD;
&#xD;
2019-10-31 18:04:29 - [MESSAGE][PASSED] - selecciona el producto disponible&#xD;
&#xD;
2019-10-31 18:04:29 - [TEST_STEP][PASSED] - se da clic en el botón Guardar: se da clic en el botón Guardar&#xD;
&#xD;
2019-10-31 18:04:30 - [MESSAGE][PASSED] - Object: 'Object Repository/CrearCliente/Create/Page_Crear Cliente - Contactos de Tesorera/input_Campo Opcional_btnGuardar' is clicked on&#xD;
&#xD;
2019-10-31 18:05:20 - [MESSAGE][PASSED] - Delayed 50 second(s)&#xD;
&#xD;
2019-10-31 18:05:20 - [MESSAGE][PASSED] - se da clic en el botón Guardar&#xD;
&#xD;
2019-10-31 18:05:20 - [TEST_STEP][PASSED] - el sistema guarda la información del cliente: el sistema guarda la información del cliente&#xD;
&#xD;
2019-10-31 18:06:10 - [MESSAGE][PASSED] - Delayed 50 second(s)&#xD;
&#xD;
2019-10-31 18:06:10 - [MESSAGE][PASSED] - Browser is closed&#xD;
&#xD;
2019-10-31 18:06:10 - [MESSAGE][PASSED] - el sistema guarda la información del cliente&#xD;
&#xD;
2019-10-31 18:06:10 - [TEST_CASE][PASSED] - Start Test Case : SCENARIO Cancelar la creación de un cliente: SCENARIO Cancelar la creación de un cliente&#xD;
&#xD;
2019-10-31 18:06:10 - [TEST_STEP][PASSED] - El usuario ingresa a la página principal: El usuario ingresa a la página principal&#xD;
&#xD;
2019-10-31 18:06:10 - [MESSAGE][INFO] - Starting 'Chrome' driver&#xD;
&#xD;
2019-10-31 18:06:13 - [MESSAGE][PASSED] - Browser is opened with url: ''&#xD;
&#xD;
2019-10-31 18:06:16 - [MESSAGE][PASSED] - Navigate to 'http://smdessc01:4800/CAF.Tesoreria.Web/' successfully&#xD;
&#xD;
2019-10-31 18:06:16 - [MESSAGE][PASSED] - El usuario ingresa a la página principal&#xD;
&#xD;
2019-10-31 18:06:16 - [TEST_STEP][PASSED] - se ubica en la opción clientes: se ubica en la opción clientes&#xD;
&#xD;
2019-10-31 18:06:17 - [MESSAGE][PASSED] - Object: 'Object Repository/Clientes/a_Clientes' is clicked on&#xD;
&#xD;
2019-10-31 18:06:17 - [MESSAGE][PASSED] - se ubica en la opción clientes&#xD;
&#xD;
2019-10-31 18:06:17 - [TEST_STEP][PASSED] - da clic en el link Crear cliente: da clic en el link Crear cliente&#xD;
&#xD;
2019-10-31 18:06:18 - [MESSAGE][PASSED] - Object: 'Object Repository/Page_Bandeja de Clientes - Contactos de Tesorera/a_Crear Cliente' is clicked on&#xD;
&#xD;
2019-10-31 18:06:18 - [MESSAGE][PASSED] - da clic en el link Crear cliente&#xD;
&#xD;
2019-10-31 18:06:18 - [TEST_STEP][PASSED] - presiona el botón Regresar: presiona el botón Regresar&#xD;
&#xD;
2019-10-31 18:06:18 - [MESSAGE][PASSED] - presiona el botón Regresar&#xD;
&#xD;
2019-10-31 18:06:18 - [TEST_STEP][PASSED] - se visualiza nuevamente la página principal: se visualiza nuevamente la página principal&#xD;
&#xD;
2019-10-31 18:06:19 - [MESSAGE][PASSED] - Object: 'Object Repository/Clientes/a_Clientes' is clicked on&#xD;
&#xD;
2019-10-31 18:06:19 - [MESSAGE][PASSED] - se visualiza nuevamente la página principal&#xD;
&#xD;
2019-10-31 18:06:19 - [TEST_CASE][PASSED] - Start Test Case : SCENARIO Validación campos requeridos: SCENARIO Validación campos requeridos&#xD;
&#xD;
2019-10-31 18:06:19 - [TEST_STEP][PASSED] - El usuario ingresa a la página principal: El usuario ingresa a la página principal&#xD;
&#xD;
2019-10-31 18:06:19 - [MESSAGE][WARNING] - A browser is already opened. Closing browser and opening a new one&#xD;
&#xD;
2019-10-31 18:06:19 - [MESSAGE][INFO] - Starting 'Chrome' driver&#xD;
&#xD;
2019-10-31 18:06:22 - [MESSAGE][PASSED] - Browser is opened with url: ''&#xD;
&#xD;
2019-10-31 18:06:23 - [MESSAGE][PASSED] - Navigate to 'http://smdessc01:4800/CAF.Tesoreria.Web/' successfully&#xD;
&#xD;
2019-10-31 18:06:23 - [MESSAGE][PASSED] - El usuario ingresa a la página principal&#xD;
&#xD;
2019-10-31 18:06:23 - [TEST_STEP][PASSED] - se ubica en la opción clientes: se ubica en la opción clientes&#xD;
&#xD;
2019-10-31 18:06:24 - [MESSAGE][PASSED] - Object: 'Object Repository/Clientes/a_Clientes' is clicked on&#xD;
&#xD;
2019-10-31 18:06:24 - [MESSAGE][PASSED] - se ubica en la opción clientes&#xD;
&#xD;
2019-10-31 18:06:24 - [TEST_STEP][PASSED] - da clic en el link Crear cliente: da clic en el link Crear cliente&#xD;
&#xD;
2019-10-31 18:06:24 - [MESSAGE][PASSED] - Object: 'Object Repository/Page_Bandeja de Clientes - Contactos de Tesorera/a_Crear Cliente' is clicked on&#xD;
&#xD;
2019-10-31 18:06:24 - [MESSAGE][PASSED] - da clic en el link Crear cliente&#xD;
&#xD;
2019-10-31 18:06:24 - [TEST_STEP][PASSED] - presiona el botón Guardar: presiona el botón Guardar&#xD;
&#xD;
2019-10-31 18:06:25 - [MESSAGE][PASSED] - Object: 'Object Repository/CrearCliente/Page_Crear Cliente - Contactos de Tesorera/input_Campo Opcional_btnGuardar' is clicked on&#xD;
&#xD;
2019-10-31 18:06:25 - [MESSAGE][PASSED] - presiona el botón Guardar&#xD;
&#xD;
2019-10-31 18:06:25 - [TEST_STEP][PASSED] - Se visualizan los mensajes de validación: Se visualizan los mensajes de validación&#xD;
&#xD;
2019-10-31 18:06:25 - [MESSAGE][PASSED] - Browser is closed&#xD;
&#xD;
2019-10-31 18:06:25 - [MESSAGE][PASSED] - Se visualizan los mensajes de validación&#xD;
&#xD;
2019-10-31 18:06:25 - [MESSAGE][PASSED] - Feature file: 'Include/features/Clientes/CrearCliente.feature' was passed</system-out>
            <system-err></system-err>
        </testcase>
        <testcase name="Test Cases/Clientes/ModificarCLiente" classname="Test Cases/Clientes/ModificarCLiente" status="PASSED">
            <system-out>2019-10-31 18:06:25 - [TEST_CASE][PASSED] - Test Cases/Clientes/ModificarCLiente: Test Cases/Clientes/ModificarCLiente&#xD;
&#xD;
2019-10-31 18:06:26 - [TEST_STEP][PASSED] - runFeatureFile("Include/features/Clientes/ModificarCliente.feature"): Feature file: 'Include/features/Clientes/ModificarCliente.feature' was passed&#xD;
&#xD;
2019-10-31 18:06:26 - [MESSAGE][INFO] - Starting run keyword runFeatureFile: 'Include/features/Clientes/ModificarCliente.feature' and extract report to folder: 'E:\CAF\Automatizacion\CAF1\Reports\20191031_180403\Clientes\Cliente\20191031_180403/cucumber_report/1572563186078'...&#xD;
&#xD;
2019-10-31 18:06:26 - [TEST_CASE][PASSED] - Start Test Case : SCENARIO Modificar cliente: SCENARIO Modificar cliente&#xD;
&#xD;
2019-10-31 18:06:26 - [TEST_STEP][PASSED] - El usuario ingresa a la página principal: El usuario ingresa a la página principal&#xD;
&#xD;
2019-10-31 18:06:26 - [MESSAGE][INFO] - Starting 'Chrome' driver&#xD;
&#xD;
2019-10-31 18:06:28 - [MESSAGE][PASSED] - Browser is opened with url: ''&#xD;
&#xD;
2019-10-31 18:06:30 - [MESSAGE][PASSED] - Navigate to 'http://smdessc01:4800/CAF.Tesoreria.Web/' successfully&#xD;
&#xD;
2019-10-31 18:06:30 - [MESSAGE][PASSED] - El usuario ingresa a la página principal&#xD;
&#xD;
2019-10-31 18:06:30 - [TEST_STEP][PASSED] - se ubica en la opción clientes: se ubica en la opción clientes&#xD;
&#xD;
2019-10-31 18:06:31 - [MESSAGE][PASSED] - Object: 'Object Repository/Clientes/a_Clientes' is clicked on&#xD;
&#xD;
2019-10-31 18:06:31 - [MESSAGE][PASSED] - se ubica en la opción clientes&#xD;
&#xD;
2019-10-31 18:06:31 - [TEST_STEP][PASSED] - El usuario da clic sobre el nombre del cliente: El usuario da clic sobre el nombre del cliente&#xD;
&#xD;
2019-10-31 18:06:32 - [MESSAGE][PASSED] - Object: 'Object Repository/ModificarCliente/Page_Bandeja de Clientes - Contactos de Tesorera/a_Liliana' is clicked on&#xD;
&#xD;
2019-10-31 18:06:32 - [MESSAGE][PASSED] - El usuario da clic sobre el nombre del cliente&#xD;
&#xD;
2019-10-31 18:06:32 - [TEST_STEP][PASSED] - da clic sobre la opción Modificar: da clic sobre la opción Modificar&#xD;
&#xD;
2019-10-31 18:06:32 - [MESSAGE][PASSED] - Object: 'Object Repository/Nuevo/Page_Detalle de Cliente - Contactos de Tesorera/a_Modificar' is clicked on&#xD;
&#xD;
2019-10-31 18:06:32 - [MESSAGE][PASSED] - da clic sobre la opción Modificar&#xD;
&#xD;
2019-10-31 18:06:32 - [TEST_STEP][PASSED] - actualiza el nombre del cliente Liliana: actualiza el nombre del cliente Liliana&#xD;
&#xD;
2019-10-31 18:06:33 - [MESSAGE][PASSED] - Text 'Liliana' is set on object 'Object Repository/Nuevo/Page_Detalle - Modificar Cliente - Contactos de Tesorera/input_Nombre Cliente_Nombre'&#xD;
&#xD;
2019-10-31 18:06:33 - [MESSAGE][PASSED] - actualiza el nombre del cliente Liliana&#xD;
&#xD;
2019-10-31 18:06:33 - [TEST_STEP][PASSED] - digita el correo lilibs633@hotmail.com: digita el correo lilibs633@hotmail.com&#xD;
&#xD;
2019-10-31 18:06:33 - [MESSAGE][PASSED] - Text 'lilibs633@hotmail.com' is set on object 'Object Repository/ModificarCliente/Page_Detalle - Modificar Cliente - Contactos de Tesorera/input_Campo Opcional_txtCorreo'&#xD;
&#xD;
2019-10-31 18:06:33 - [MESSAGE][PASSED] - digita el correo lilibs633@hotmail.com&#xD;
&#xD;
2019-10-31 18:06:33 - [TEST_STEP][PASSED] - da clic en el botón Agregar correo: da clic en el botón Agregar correo&#xD;
&#xD;
2019-10-31 18:06:33 - [MESSAGE][PASSED] - Object: 'Object Repository/ModificarCliente/Page_Detalle - Modificar Cliente - Contactos de Tesorera/button_Agregar' is clicked on&#xD;
&#xD;
2019-10-31 18:06:33 - [MESSAGE][PASSED] - da clic en el botón Agregar correo&#xD;
&#xD;
2019-10-31 18:06:33 - [TEST_STEP][PASSED] - digita un tag tag: digita un tag tag&#xD;
&#xD;
2019-10-31 18:06:33 - [MESSAGE][PASSED] - Text 'tag' is set on object 'Object Repository/ModificarCliente/Page_Detalle - Modificar Cliente - Contactos de Tesorera/input_Campo Opcional_txtTag'&#xD;
&#xD;
2019-10-31 18:06:33 - [MESSAGE][PASSED] - digita un tag tag&#xD;
&#xD;
2019-10-31 18:06:33 - [TEST_STEP][PASSED] - da clic en el botón Agregar tag: da clic en el botón Agregar tag&#xD;
&#xD;
2019-10-31 18:06:34 - [MESSAGE][PASSED] - Object: 'Object Repository/ModificarCliente/Page_Detalle - Modificar Cliente - Contactos de Tesorera/button_Agregar' is clicked on&#xD;
&#xD;
2019-10-31 18:06:34 - [MESSAGE][PASSED] - da clic en el botón Agregar tag&#xD;
&#xD;
2019-10-31 18:06:34 - [TEST_STEP][PASSED] - digita la dirección dirección: digita la dirección dirección&#xD;
&#xD;
2019-10-31 18:06:34 - [MESSAGE][PASSED] - Text 'dirección' is set on object 'Object Repository/ModificarCliente/Page_Detalle - Modificar Cliente - Contactos de Tesorera/textarea_Campo Opcional_InformacionDireccion'&#xD;
&#xD;
2019-10-31 18:06:34 - [MESSAGE][PASSED] - digita la dirección dirección&#xD;
&#xD;
2019-10-31 18:06:34 - [TEST_STEP][PASSED] - da clic en el botón Guardar: da clic en el botón Guardar&#xD;
&#xD;
2019-10-31 18:06:34 - [MESSAGE][PASSED] - Object: 'Object Repository/ModificarCliente/Page_Detalle - Modificar Cliente - Contactos de Tesorera/BotonGuardar_Registro' is clicked on&#xD;
&#xD;
2019-10-31 18:06:34 - [MESSAGE][PASSED] - da clic en el botón Guardar&#xD;
&#xD;
2019-10-31 18:06:34 - [TEST_STEP][PASSED] - el sistema muestra un mensaje de confirmación: el sistema muestra un mensaje de confirmación&#xD;
&#xD;
2019-10-31 18:06:39 - [MESSAGE][PASSED] - Delayed 5 second(s)&#xD;
&#xD;
2019-10-31 18:06:40 - [MESSAGE][PASSED] - Browser is closed&#xD;
&#xD;
2019-10-31 18:06:40 - [MESSAGE][PASSED] - el sistema muestra un mensaje de confirmación&#xD;
&#xD;
2019-10-31 18:06:40 - [MESSAGE][PASSED] - Feature file: 'Include/features/Clientes/ModificarCliente.feature' was passed</system-out>
            <system-err></system-err>
        </testcase>
        <system-out>2019-10-31 18:04:07 - [TEST_SUITE][INCOMPLETE] - Cliente: null</system-out>
        <system-err>2019-10-31 18:04:07 - [TEST_SUITE][INCOMPLETE] - Cliente: null</system-err>
    </testsuite>
</testsuites>
